<?xml version="1.0" encoding="UTF-8"?>
<testsuite xmlns:xsi="http://www.w3.org/2001/XMLSchema-instance" xsi:noNamespaceSchemaLocation="https://maven.apache.org/surefire/maven-surefire-plugin/xsd/surefire-test-report-3.0.xsd" version="3.0" name="org.karaf.test.jpa.api.AppTest" time="0.003" tests="1" errors="0" skipped="0" failures="0">
  <properties>
    <property name="sun.desktop" value="windows"/>
    <property name="awt.toolkit" value="sun.awt.windows.WToolkit"/>
    <property name="file.encoding.pkg" value="sun.io"/>
    <property name="java.specification.version" value="1.8"/>
    <property name="sun.cpu.isalist" value="pentium_pro+mmx pentium_pro pentium+mmx pentium i486 i386 i86"/>
    <property name="sun.jnu.encoding" value="Cp1252"/>
    <property name="java.class.path" value="C:\Users\nngocminh\Desktop\probation-workspace\karaf-test-jpa\karaf-test-jpa-api\target\test-classes;C:\Users\nngocminh\Desktop\probation-workspace\karaf-test-jpa\karaf-test-jpa-api\target\classes;C:\Users\nngocminh\.m2\repository\org\eclipse\persistence\javax.persistence\2.1.0\javax.persistence-2.1.0.jar;C:\Users\nngocminh\.m2\repository\junit\junit\3.8.1\junit-3.8.1.jar;"/>
    <property name="java.vm.vendor" value="Oracle Corporation"/>
    <property name="sun.arch.data.model" value="32"/>
    <property name="user.variant" value=""/>
    <property name="java.vendor.url" value="http://java.oracle.com/"/>
    <property name="user.timezone" value="Asia/Bangkok"/>
    <property name="java.vm.specification.version" value="1.8"/>
    <property name="os.name" value="Windows 10"/>
    <property name="user.country" value="US"/>
    <property name="sun.java.launcher" value="SUN_STANDARD"/>
    <property name="sun.boot.library.path" value="C:\Program Files (x86)\Java\jdk1.8.0_202\jre\bin"/>
    <property name="sun.java.command" value="C:\Users\nngocminh\AppData\Local\Temp\surefire1279292564402577333\surefirebooter7631373979925017184.jar C:\Users\nngocminh\AppData\Local\Temp\surefire1279292564402577333 2022-03-04T14-13-26_079-jvmRun1 surefire2324171462938567556tmp surefire_04640175265381985708tmp"/>
    <property name="surefire.test.class.path" value="C:\Users\nngocminh\Desktop\probation-workspace\karaf-test-jpa\karaf-test-jpa-api\target\test-classes;C:\Users\nngocminh\Desktop\probation-workspace\karaf-test-jpa\karaf-test-jpa-api\target\classes;C:\Users\nngocminh\.m2\repository\org\eclipse\persistence\javax.persistence\2.1.0\javax.persistence-2.1.0.jar;C:\Users\nngocminh\.m2\repository\junit\junit\3.8.1\junit-3.8.1.jar;"/>
    <property name="sun.cpu.endian" value="little"/>
    <property name="user.home" value="C:\Users\nngocminh"/>
    <property name="user.language" value="en"/>
    <property name="java.specification.vendor" value="Oracle Corporation"/>
    <property name="java.home" value="C:\Program Files (x86)\Java\jdk1.8.0_202\jre"/>
    <property name="basedir" value="C:\Users\nngocminh\Desktop\probation-workspace\karaf-test-jpa\karaf-test-jpa-api"/>
    <property name="file.separator" value="\"/>
    <property name="line.separator" value="&#10;"/>
    <property name="java.vm.specification.vendor" value="Oracle Corporation"/>
    <property name="java.specification.name" value="Java Platform API Specification"/>
    <property name="java.awt.graphicsenv" value="sun.awt.Win32GraphicsEnvironment"/>
    <property name="surefire.real.class.path" value="C:\Users\nngocminh\AppData\Local\Temp\surefire1279292564402577333\surefirebooter7631373979925017184.jar"/>
    <property name="sun.boot.class.path" value="C:\Program Files (x86)\Java\jdk1.8.0_202\jre\lib\resources.jar;C:\Program Files (x86)\Java\jdk1.8.0_202\jre\lib\rt.jar;C:\Program Files (x86)\Java\jdk1.8.0_202\jre\lib\sunrsasign.jar;C:\Program Files (x86)\Java\jdk1.8.0_202\jre\lib\jsse.jar;C:\Program Files (x86)\Java\jdk1.8.0_202\jre\lib\jce.jar;C:\Program Files (x86)\Java\jdk1.8.0_202\jre\lib\charsets.jar;C:\Program Files (x86)\Java\jdk1.8.0_202\jre\lib\jfr.jar;C:\Program Files (x86)\Java\jdk1.8.0_202\jre\classes"/>
    <property name="user.script" value=""/>
    <property name="sun.management.compiler" value="HotSpot Client Compiler"/>
    <property name="java.runtime.version" value="1.8.0_202-b08"/>
    <property name="user.name" value="nngocminh"/>
    <property name="path.separator" value=";"/>
    <property name="os.version" value="10.0"/>
    <property name="java.endorsed.dirs" value="C:\Program Files (x86)\Java\jdk1.8.0_202\jre\lib\endorsed"/>
    <property name="java.runtime.name" value="Java(TM) SE Runtime Environment"/>
    <property name="file.encoding" value="Cp1252"/>
    <property name="java.vm.name" value="Java HotSpot(TM) Client VM"/>
    <property name="localRepository" value="C:\Users\nngocminh\.m2\repository"/>
    <property name="java.vendor.url.bug" value="http://bugreport.sun.com/bugreport/"/>
    <property name="java.io.tmpdir" value="C:\Users\NNGOCM~1\AppData\Local\Temp\"/>
    <property name="java.version" value="1.8.0_202"/>
    <property name="user.dir" value="C:\Users\nngocminh\Desktop\probation-workspace\karaf-test-jpa\karaf-test-jpa-api"/>
    <property name="os.arch" value="x86"/>
    <property name="java.vm.specification.name" value="Java Virtual Machine Specification"/>
    <property name="java.awt.printerjob" value="sun.awt.windows.WPrinterJob"/>
    <property name="sun.os.patch.level" value=""/>
    <property name="java.library.path" value="C:\Program Files (x86)\Java\jdk1.8.0_202\jre\bin;C:\windows\Sun\Java\bin;C:\windows\system32;C:\windows;C:/Users/nngocminh/.p2/pool/plugins/org.eclipse.justj.openjdk.hotspot.jre.full.win32.x86_64_17.0.1.v20211116-1657/jre/bin/server;C:/Users/nngocminh/.p2/pool/plugins/org.eclipse.justj.openjdk.hotspot.jre.full.win32.x86_64_17.0.1.v20211116-1657/jre/bin;C:\Program Files (x86)\VMware\VMware Player\bin\;C:\ProgramData\Oracle\Java\javapath;C:\windows\system32;C:\windows;C:\windows\System32\Wbem;C:\windows\System32\WindowsPowerShell\v1.0\;C:\windows\System32\OpenSSH\;&quot;C:\Program Files (x86)\Java\jdk1.8.0_202\bin;&quot;;C:\Java\apache-maven-3.8.4\bin;C:\Program Files\Git\cmd;C:\Program Files\nodejs\;;C:\Program Files\Docker\Docker\resources\bin;C:\ProgramData\DockerDesktop\version-bin;C:\Users\nngocminh\AppData\Local\Programs\Python\Python310\Scripts\;C:\Users\nngocminh\AppData\Local\Programs\Python\Python310\;C:\Program Files\MySQL\MySQL Shell 8.0\bin\;C:\Users\nngocminh\AppData\Local\Microsoft\WindowsApps;;C:\Program Files\JetBrains\IntelliJ IDEA 2021.3.1\bin;;C:\Users\nngocminh\AppData\Local\Programs\Microsoft VS Code\bin;C:\Users\nngocminh\AppData\Roaming\npm;C:\windows\system32;;."/>
    <property name="java.vm.info" value="mixed mode"/>
    <property name="java.vendor" value="Oracle Corporation"/>
    <property name="java.vm.version" value="25.202-b08"/>
    <property name="java.ext.dirs" value="C:\Program Files (x86)\Java\jdk1.8.0_202\jre\lib\ext;C:\windows\Sun\Java\lib\ext"/>
    <property name="sun.io.unicode.encoding" value="UnicodeLittle"/>
    <property name="java.class.version" value="52.0"/>
  </properties>
  <testcase name="testApp" classname="org.karaf.test.jpa.api.AppTest" time="0"/>
</testsuite>